#
# There is insufficient memory for the Java Runtime Environment to continue.
# Native memory allocation (malloc) failed to allocate 1059776 bytes for Chunk::new
# Possible reasons:
#   The system is out of physical RAM or swap space
#   In 32 bit mode, the process size limit was hit
# Possible solutions:
#   Reduce memory load on the system
#   Increase physical memory or swap space
#   Check if swap backing store is full
#   Use 64 bit Java on a 64 bit OS
#   Decrease Java heap size (-Xmx/-Xms)
#   Decrease number of Java threads
#   Decrease Java thread stack sizes (-Xss)
#   Set larger code cache with -XX:ReservedCodeCacheSize=
# This output file may be truncated or incomplete.
#
#  Out of Memory Error (allocation.cpp:390), pid=10776, tid=0x0000000000000cb0
#
# JRE version: Java(TM) SE Runtime Environment (8.0_181-b13) (build 1.8.0_181-b13)
# Java VM: Java HotSpot(TM) 64-Bit Server VM (25.181-b13 mixed mode windows-amd64 compressed oops)
# Failed to write core dump. Minidumps are not enabled by default on client versions of Windows
#

---------------  T H R E A D  ---------------

Current thread (0x0000000015d10000):  JavaThread "C2 CompilerThread0" daemon [_thread_in_native, id=3248, stack(0x0000000017370000,0x0000000017470000)]

Stack: [0x0000000017370000,0x0000000017470000]
[error occurred during error reporting (printing stack bounds), id 0xc0000005]

Native frames: (J=compiled Java code, j=interpreted, Vv=VM code, C=native code)


Current CompileTask:
C2: 211915 14254 %     4       org.objectweb.asm.ClassReader::readCode @ 1446 (3575 bytes)


---------------  P R O C E S S  ---------------

Java Threads: ( => current thread )
  0x0000000017938000 JavaThread "Execution worker for ':' Thread 3" [_thread_in_Java, id=15664, stack(0x0000000025b50000,0x0000000025c50000)]
  0x000000001793f000 JavaThread "Execution worker for ':' Thread 2" [_thread_in_Java, id=7392, stack(0x0000000025a50000,0x0000000025b50000)]
  0x000000001793c800 JavaThread "Execution worker for ':'" [_thread_in_Java, id=4820, stack(0x0000000025950000,0x0000000025a50000)]
  0x00000000182b2000 JavaThread "Cache worker for file content cache (C:\Android\My project\Quiz\.gradle\5.5\fileContent)" [_thread_blocked, id=8988, stack(0x0000000021ef0000,0x0000000021ff0000)]
  0x00000000182a7800 JavaThread "Cache worker for file content cache (C:\Users\Huy Bui\.gradle\caches\5.5\fileContent)" [_thread_blocked, id=15120, stack(0x00000000219f0000,0x0000000021af0000)]
  0x00000000182a7000 JavaThread "pool-4-thread-1" [_thread_blocked, id=1500, stack(0x00000000218f0000,0x00000000219f0000)]
  0x00000000182a6000 JavaThread "Cache worker for Build Output Cleanup Cache (C:\Android\My project\Quiz\.gradle\buildOutputCleanup)" [_thread_in_native, id=3168, stack(0x00000000217f0000,0x00000000218f0000)]
  0x00000000182ad000 JavaThread "Build operations Thread 4" [_thread_blocked, id=4828, stack(0x000000001e430000,0x000000001e530000)]
  0x00000000182a5800 JavaThread "Build operations Thread 3" [_thread_blocked, id=13212, stack(0x000000001e330000,0x000000001e430000)]
  0x00000000182ac000 JavaThread "Build operations Thread 2" [_thread_blocked, id=11804, stack(0x000000001e230000,0x000000001e330000)]
  0x00000000182a9000 JavaThread "Build operations" [_thread_blocked, id=9264, stack(0x000000001e130000,0x000000001e230000)]
  0x00000000182aa800 JavaThread "Cache worker for cache directory md-rule (C:\Users\Huy Bui\.gradle\caches\5.5\md-rule)" [_thread_blocked, id=15748, stack(0x000000001de30000,0x000000001df30000)]
  0x000000001ee29800 JavaThread "Cache worker for cache directory md-supplier (C:\Users\Huy Bui\.gradle\caches\5.5\md-supplier)" [_thread_blocked, id=14988, stack(0x000000001a5c0000,0x000000001a6c0000)]
  0x000000001ee2e000 JavaThread "Cache worker for file hash cache (C:\Android\My project\Quiz\.gradle\5.5\fileHashes)" [_thread_blocked, id=3776, stack(0x000000001a4c0000,0x000000001a5c0000)]
  0x000000001ee2c800 JavaThread "Thread-47" [_thread_blocked, id=8920, stack(0x000000001a3c0000,0x000000001a4c0000)]
  0x000000001ee2b800 JavaThread "Stdin handler" [_thread_blocked, id=14972, stack(0x000000001a2c0000,0x000000001a3c0000)]
  0x000000001ee28800 JavaThread "Asynchronous log dispatcher for DefaultDaemonConnection: socket connection from /127.0.0.1:51079 to /127.0.0.1:51154" [_thread_blocked, id=2188, stack(0x000000001a1c0000,0x000000001a2c0000)]
  0x000000001ee2d000 JavaThread "Daemon worker Thread 2" [_thread_in_Java, id=8300, stack(0x0000000019ec0000,0x0000000019fc0000)]
  0x000000001ee2b000 JavaThread "Cancel handler" [_thread_blocked, id=4204, stack(0x0000000019dc0000,0x0000000019ec0000)]
  0x000000001ee27000 JavaThread "Handler for socket connection from /127.0.0.1:51079 to /127.0.0.1:51154" [_thread_in_native, id=13352, stack(0x0000000000960000,0x0000000000a60000)]
  0x000000001ee28000 JavaThread "Daemon Thread 2" [_thread_blocked, id=11300, stack(0x0000000000620000,0x0000000000720000)]
  0x00000000182ab800 JavaThread "Memory manager" [_thread_blocked, id=12504, stack(0x0000000022d30000,0x0000000022e30000)]
  0x000000001793e000 JavaThread "Cache worker for execution history cache (C:\Users\Huy Bui\.gradle\caches\5.5\executionHistory)" [_thread_blocked, id=5624, stack(0x000000001fdc0000,0x000000001fec0000)]
  0x0000000017939800 JavaThread "Cache worker for journal cache (C:\Users\Huy Bui\.gradle\caches\journal-1)" [_thread_blocked, id=4588, stack(0x000000001a8c0000,0x000000001a9c0000)]
  0x000000001793c000 JavaThread "File lock request listener" [_thread_in_native, id=1540, stack(0x000000001a7c0000,0x000000001a8c0000)]
  0x000000001793b000 JavaThread "Cache worker for file hash cache (C:\Users\Huy Bui\.gradle\caches\5.5\fileHashes)" [_thread_blocked, id=14184, stack(0x000000001a6c0000,0x000000001a7c0000)]
  0x0000000018b6d000 JavaThread "Daemon periodic checks" [_thread_blocked, id=9220, stack(0x0000000019cc0000,0x0000000019dc0000)]
  0x0000000018b7e000 JavaThread "Incoming local TCP Connector on port 51079" [_thread_in_native, id=15256, stack(0x0000000019a80000,0x0000000019b80000)]
  0x0000000018d7b800 JavaThread "Daemon health stats" [_thread_blocked, id=8100, stack(0x0000000019440000,0x0000000019540000)]
  0x000000001769c000 JavaThread "Service Thread" daemon [_thread_blocked, id=104, stack(0x0000000017a70000,0x0000000017b70000)]
  0x0000000015d60800 JavaThread "C1 CompilerThread2" daemon [_thread_blocked, id=8004, stack(0x0000000017570000,0x0000000017670000)]
  0x0000000015d13800 JavaThread "C2 CompilerThread1" daemon [_thread_in_native, id=10844, stack(0x0000000017470000,0x0000000017570000)]
=>0x0000000015d10000 JavaThread "C2 CompilerThread0" daemon [_thread_in_native, id=3248, stack(0x0000000017370000,0x0000000017470000)]
  0x0000000015d0c000 JavaThread "Attach Listener" daemon [_thread_blocked, id=9380, stack(0x0000000017270000,0x0000000017370000)]
  0x0000000015d0b000 JavaThread "Signal Dispatcher" daemon [_thread_blocked, id=10284, stack(0x0000000017170000,0x0000000017270000)]
  0x0000000015cfa800 JavaThread "Finalizer" daemon [_thread_blocked, id=8488, stack(0x0000000016f70000,0x0000000017070000)]
  0x0000000015cd9800 JavaThread "Reference Handler" daemon [_thread_blocked, id=16032, stack(0x0000000016e70000,0x0000000016f70000)]
  0x00000000020ee800 JavaThread "main" [_thread_blocked, id=15288, stack(0x00000000021a0000,0x00000000022a0000)]

Other Threads:
  0x0000000015cd8000 VMThread [stack: 0x0000000016d70000,0x0000000016e70000] [id=12596]
  0x000000001769c800 WatcherThread [stack: 0x0000000017b70000,0x0000000017c70000] [id=14148]

VM state:not at safepoint (normal execution)

VM Mutex/Monitor currently owned by a thread: None

Heap:
 PSYoungGen      total 299520K, used 279613K [0x00000000e0000000, 0x00000000f4f00000, 0x0000000100000000)
  eden space 269312K, 96% used [0x00000000e0000000,0x00000000eff11870,0x00000000f0700000)
  from space 30208K, 60% used [0x00000000f3180000,0x00000000f437dc78,0x00000000f4f00000)
  to   space 36864K, 0% used [0x00000000f0700000,0x00000000f0700000,0x00000000f2b00000)
 ParOldGen       total 131072K, used 89320K [0x00000000a0000000, 0x00000000a8000000, 0x00000000e0000000)
  object space 131072K, 68% used [0x00000000a0000000,0x00000000a573a0a0,0x00000000a8000000)
 Metaspace       used 85025K, capacity 88844K, committed 89088K, reserved 1126400K
  class space    used 11248K, capacity 12022K, committed 12032K, reserved 1048576K

Card table byte_map: [0x0000000011760000,0x0000000011a70000] byte_map_base: 0x0000000011260000

Marking Bits: (ParMarkBitMap*) 0x000000006bd32d00
 Begin Bits: [0x0000000012070000, 0x0000000013870000)
 End Bits:   [0x0000000013870000, 0x0000000015070000)

Polling page: 0x0000000000740000

CodeCache: size=245760Kb used=41260Kb max_used=41273Kb free=204499Kb
 bounds [0x00000000023a0000, 0x0000000004c20000, 0x00000000113a0000]
 total_blobs=12812 nmethods=11956 adapters=767
 compilation: enabled

Compilation events (10 events):
Event: 211.806 Thread 0x0000000015d13800 nmethod 14386 0x0000000004c12cd0 code [0x0000000004c12e20, 0x0000000004c12f58]
Event: 211.807 Thread 0x0000000015d13800 14411       4       com.android.tools.build.jetifier.core.config.Config::isEligibleForRewrite (122 bytes)
Event: 211.807 Thread 0x0000000015d60800 14435       3       org.objectweb.asm.signature.SignatureReader::parseType (415 bytes)
Event: 211.809 Thread 0x0000000015d60800 nmethod 14435 0x0000000004c14bd0 code [0x0000000004c14f00, 0x0000000004c16728]
Event: 211.811 Thread 0x0000000015d60800 14436       2       org.objectweb.asm.commons.ClassRemapper::visitInnerClass (32 bytes)
Event: 211.812 Thread 0x0000000015d60800 nmethod 14436 0x0000000004c172d0 code [0x0000000004c174a0, 0x0000000004c178c8]
Event: 211.812 Thread 0x0000000015d60800 14437       2       org.objectweb.asm.ClassVisitor::visitInnerClass (20 bytes)
Event: 211.813 Thread 0x0000000015d60800 nmethod 14437 0x0000000004c12890 code [0x0000000004c12a00, 0x0000000004c12b88]
Event: 211.823 Thread 0x0000000015d13800 nmethod 14411 0x0000000004c1aed0 code [0x0000000004c1b040, 0x0000000004c1b678]
Event: 211.823 Thread 0x0000000015d13800 14438       4       org.objectweb.asm.commons.Remapper::mapDesc (131 bytes)

GC Heap History (10 events):
Event: 40.242 GC heap before
{Heap before GC invocations=17 (full 3):
 PSYoungGen      total 214528K, used 210291K [0x00000000e0000000, 0x00000000f0a00000, 0x0000000100000000)
  eden space 194560K, 100% used [0x00000000e0000000,0x00000000ebe00000,0x00000000ebe00000)
  from space 19968K, 78% used [0x00000000ebe00000,0x00000000ecd5cca0,0x00000000ed180000)
  to   space 21504K, 0% used [0x00000000ef500000,0x00000000ef500000,0x00000000f0a00000)
 ParOldGen       total 131072K, used 36115K [0x00000000a0000000, 0x00000000a8000000, 0x00000000e0000000)
  object space 131072K, 27% used [0x00000000a0000000,0x00000000a2344ef0,0x00000000a8000000)
 Metaspace       used 69502K, capacity 71902K, committed 71936K, reserved 1112064K
  class space    used 9675K, capacity 10230K, committed 10240K, reserved 1048576K
Event: 40.289 GC heap after
Heap after GC invocations=17 (full 3):
 PSYoungGen      total 245248K, used 21474K [0x00000000e0000000, 0x00000000f1100000, 0x0000000100000000)
  eden space 223744K, 0% used [0x00000000e0000000,0x00000000e0000000,0x00000000eda80000)
  from space 21504K, 99% used [0x00000000ef500000,0x00000000f09f8920,0x00000000f0a00000)
  to   space 27136K, 0% used [0x00000000eda80000,0x00000000eda80000,0x00000000ef500000)
 ParOldGen       total 131072K, used 43142K [0x00000000a0000000, 0x00000000a8000000, 0x00000000e0000000)
  object space 131072K, 32% used [0x00000000a0000000,0x00000000a2a21bf0,0x00000000a8000000)
 Metaspace       used 69502K, capacity 71902K, committed 71936K, reserved 1112064K
  class space    used 9675K, capacity 10230K, committed 10240K, reserved 1048576K
}
Event: 72.139 GC heap before
{Heap before GC invocations=18 (full 3):
 PSYoungGen      total 245248K, used 245218K [0x00000000e0000000, 0x00000000f1100000, 0x0000000100000000)
  eden space 223744K, 100% used [0x00000000e0000000,0x00000000eda80000,0x00000000eda80000)
  from space 21504K, 99% used [0x00000000ef500000,0x00000000f09f8920,0x00000000f0a00000)
  to   space 27136K, 0% used [0x00000000eda80000,0x00000000eda80000,0x00000000ef500000)
 ParOldGen       total 131072K, used 43142K [0x00000000a0000000, 0x00000000a8000000, 0x00000000e0000000)
  object space 131072K, 32% used [0x00000000a0000000,0x00000000a2a21bf0,0x00000000a8000000)
 Metaspace       used 71919K, capacity 74490K, committed 74752K, reserved 1114112K
  class space    used 9881K, capacity 10434K, committed 10496K, reserved 1048576K
Event: 72.201 GC heap after
Heap after GC invocations=18 (full 3):
 PSYoungGen      total 250880K, used 12545K [0x00000000e0000000, 0x00000000f2a80000, 0x0000000100000000)
  eden space 223744K, 0% used [0x00000000e0000000,0x00000000e0000000,0x00000000eda80000)
  from space 27136K, 46% used [0x00000000eda80000,0x00000000ee6c0460,0x00000000ef500000)
  to   space 26112K, 0% used [0x00000000f1100000,0x00000000f1100000,0x00000000f2a80000)
 ParOldGen       total 131072K, used 64281K [0x00000000a0000000, 0x00000000a8000000, 0x00000000e0000000)
  object space 131072K, 49% used [0x00000000a0000000,0x00000000a3ec6610,0x00000000a8000000)
 Metaspace       used 71919K, capacity 74490K, committed 74752K, reserved 1114112K
  class space    used 9881K, capacity 10434K, committed 10496K, reserved 1048576K
}
Event: 91.105 GC heap before
{Heap before GC invocations=19 (full 3):
 PSYoungGen      total 250880K, used 236289K [0x00000000e0000000, 0x00000000f2a80000, 0x0000000100000000)
  eden space 223744K, 100% used [0x00000000e0000000,0x00000000eda80000,0x00000000eda80000)
  from space 27136K, 46% used [0x00000000eda80000,0x00000000ee6c0460,0x00000000ef500000)
  to   space 26112K, 0% used [0x00000000f1100000,0x00000000f1100000,0x00000000f2a80000)
 ParOldGen       total 131072K, used 64281K [0x00000000a0000000, 0x00000000a8000000, 0x00000000e0000000)
  object space 131072K, 49% used [0x00000000a0000000,0x00000000a3ec6610,0x00000000a8000000)
 Metaspace       used 75753K, capacity 78828K, committed 79104K, reserved 1118208K
  class space    used 10340K, capacity 10987K, committed 11008K, reserved 1048576K
Event: 91.138 GC heap after
Heap after GC invocations=19 (full 3):
 PSYoungGen      total 274432K, used 24290K [0x00000000e0000000, 0x00000000f2b80000, 0x0000000100000000)
  eden space 248320K, 0% used [0x00000000e0000000,0x00000000e0000000,0x00000000ef280000)
  from space 26112K, 93% used [0x00000000f1100000,0x00000000f28b89a0,0x00000000f2a80000)
  to   space 29184K, 0% used [0x00000000ef280000,0x00000000ef280000,0x00000000f0f00000)
 ParOldGen       total 131072K, used 64289K [0x00000000a0000000, 0x00000000a8000000, 0x00000000e0000000)
  object space 131072K, 49% used [0x00000000a0000000,0x00000000a3ec8610,0x00000000a8000000)
 Metaspace       used 75753K, capacity 78828K, committed 79104K, reserved 1118208K
  class space    used 10340K, capacity 10987K, committed 11008K, reserved 1048576K
}
Event: 93.138 GC heap before
{Heap before GC invocations=20 (full 3):
 PSYoungGen      total 274432K, used 272610K [0x00000000e0000000, 0x00000000f2b80000, 0x0000000100000000)
  eden space 248320K, 100% used [0x00000000e0000000,0x00000000ef280000,0x00000000ef280000)
  from space 26112K, 93% used [0x00000000f1100000,0x00000000f28b89a0,0x00000000f2a80000)
  to   space 29184K, 0% used [0x00000000ef280000,0x00000000ef280000,0x00000000f0f00000)
 ParOldGen       total 131072K, used 64289K [0x00000000a0000000, 0x00000000a8000000, 0x00000000e0000000)
  object space 131072K, 49% used [0x00000000a0000000,0x00000000a3ec8610,0x00000000a8000000)
 Metaspace       used 76380K, capacity 79458K, committed 79744K, reserved 1118208K
  class space    used 10400K, capacity 11024K, committed 11136K, reserved 1048576K
Event: 93.189 GC heap after
Heap after GC invocations=20 (full 3):
 PSYoungGen      total 277504K, used 29160K [0x00000000e0000000, 0x00000000f5700000, 0x0000000100000000)
  eden space 248320K, 0% used [0x00000000e0000000,0x00000000e0000000,0x00000000ef280000)
  from space 29184K, 99% used [0x00000000ef280000,0x00000000f0efa2b8,0x00000000f0f00000)
  to   space 38400K, 0% used [0x00000000f3180000,0x00000000f3180000,0x00000000f5700000)
 ParOldGen       total 131072K, used 77464K [0x00000000a0000000, 0x00000000a8000000, 0x00000000e0000000)
  object space 131072K, 59% used [0x00000000a0000000,0x00000000a4ba61e8,0x00000000a8000000)
 Metaspace       used 76380K, capacity 79458K, committed 79744K, reserved 1118208K
  class space    used 10400K, capacity 11024K, committed 11136K, reserved 1048576K
}
Event: 205.915 GC heap before
{Heap before GC invocations=21 (full 3):
 PSYoungGen      total 277504K, used 277480K [0x00000000e0000000, 0x00000000f5700000, 0x0000000100000000)
  eden space 248320K, 100% used [0x00000000e0000000,0x00000000ef280000,0x00000000ef280000)
  from space 29184K, 99% used [0x00000000ef280000,0x00000000f0efa2b8,0x00000000f0f00000)
  to   space 38400K, 0% used [0x00000000f3180000,0x00000000f3180000,0x00000000f5700000)
 ParOldGen       total 131072K, used 77464K [0x00000000a0000000, 0x00000000a8000000, 0x00000000e0000000)
  object space 131072K, 59% used [0x00000000a0000000,0x00000000a4ba61e8,0x00000000a8000000)
 Metaspace       used 83148K, capacity 86892K, committed 87168K, reserved 1124352K
  class space    used 11061K, capacity 11788K, committed 11904K, reserved 1048576K
Event: 205.954 GC heap after
Heap after GC invocations=21 (full 3):
 PSYoungGen      total 299520K, used 18423K [0x00000000e0000000, 0x00000000f4f00000, 0x0000000100000000)
  eden space 269312K, 0% used [0x00000000e0000000,0x00000000e0000000,0x00000000f0700000)
  from space 30208K, 60% used [0x00000000f3180000,0x00000000f437dc78,0x00000000f4f00000)
  to   space 36864K, 0% used [0x00000000f0700000,0x00000000f0700000,0x00000000f2b00000)
 ParOldGen       total 131072K, used 89320K [0x00000000a0000000, 0x00000000a8000000, 0x00000000e0000000)
  object space 131072K, 68% used [0x00000000a0000000,0x00000000a573a0a0,0x00000000a8000000)
 Metaspace       used 83148K, capacity 86892K, committed 87168K, reserved 1124352K
  class space    used 11061K, capacity 11788K, committed 11904K, reserved 1048576K
}

Deoptimization events (10 events):
Event: 211.431 Thread 0x0000000017938000 Uncommon trap: reason=class_check action=maybe_recompile pc=0x000000000464a784 method=org.objectweb.asm.ClassReader.readField(Lorg/objectweb/asm/ClassVisitor;Lorg/objectweb/asm/Context;I)I @ 351
Event: 211.447 Thread 0x0000000017938000 Uncommon trap: reason=unstable_if action=reinterpret pc=0x0000000003038168 method=org.objectweb.asm.Label.resolve(Lorg/objectweb/asm/MethodWriter;I[B)Z @ 27
Event: 211.452 Thread 0x0000000017938000 Uncommon trap: reason=unstable_if action=reinterpret pc=0x0000000004641c78 method=org.objectweb.asm.MethodWriter.put(Lorg/objectweb/asm/ByteVector;)V @ 374
Event: 211.454 Thread 0x0000000017938000 Uncommon trap: reason=unstable_if action=reinterpret pc=0x0000000004599988 method=org.objectweb.asm.ByteVector.putByteArray([BII)Lorg/objectweb/asm/ByteVector; @ 20
Event: 211.537 Thread 0x000000001793c800 Uncommon trap: reason=unstable_if action=reinterpret pc=0x00000000045b5860 method=org.objectweb.asm.ByteVector.putUTF8(Ljava/lang/String;)Lorg/objectweb/asm/ByteVector; @ 91
Event: 211.537 Thread 0x000000001793c800 Uncommon trap: reason=unstable_if action=reinterpret pc=0x00000000045cd830 method=org.objectweb.asm.ClassReader.readUTF8(I[C)Ljava/lang/String; @ 7
Event: 211.538 Thread 0x000000001793c800 Uncommon trap: reason=unstable_if action=reinterpret pc=0x00000000045b7870 method=org.objectweb.asm.ByteVector.putUTF8(Ljava/lang/String;)Lorg/objectweb/asm/ByteVector; @ 91
Event: 211.548 Thread 0x000000001793f000 Uncommon trap: reason=unstable_if action=reinterpret pc=0x0000000003fceac0 method=sun.nio.fs.WindowsPath.getFileName()Ljava/nio/file/Path; @ 45
Event: 211.647 Thread 0x000000001ee2d000 Uncommon trap: reason=unstable_if action=reinterpret pc=0x0000000004bf0dbc method=org.objectweb.asm.ClassReader.accept(Lorg/objectweb/asm/ClassVisitor;[Lorg/objectweb/asm/Attribute;I)V @ 400
Event: 211.690 Thread 0x000000001ee2d000 Uncommon trap: reason=predicate action=maybe_recompile pc=0x0000000004be3f3c method=org.objectweb.asm.ClassReader.readField(Lorg/objectweb/asm/ClassVisitor;Lorg/objectweb/asm/Context;I)I @ 387

Classes redefined (0 events):
No events

Internal exceptions (10 events):
Event: 205.561 Thread 0x000000001ee2d000 Exception <a 'java/lang/NoSuchMethodError': <clinit>> (0x00000000ee2a68d0) thrown at [C:\re\workspace\8-2-build-windows-amd64-cygwin\jdk8u181\11358\hotspot\src\share\vm\prims\jni.cpp, line 1613]
Event: 205.561 Thread 0x000000001ee2d000 Exception <a 'java/lang/NoSuchMethodError': <clinit>> (0x00000000ee2a8358) thrown at [C:\re\workspace\8-2-build-windows-amd64-cygwin\jdk8u181\11358\hotspot\src\share\vm\prims\jni.cpp, line 1613]
Event: 205.561 Thread 0x000000001ee2d000 Exception <a 'java/lang/NoSuchMethodError': <clinit>> (0x00000000ee2a9aa8) thrown at [C:\re\workspace\8-2-build-windows-amd64-cygwin\jdk8u181\11358\hotspot\src\share\vm\prims\jni.cpp, line 1613]
Event: 205.562 Thread 0x000000001ee2d000 Exception <a 'java/lang/NoSuchMethodError': <clinit>> (0x00000000ee2ab0a8) thrown at [C:\re\workspace\8-2-build-windows-amd64-cygwin\jdk8u181\11358\hotspot\src\share\vm\prims\jni.cpp, line 1613]
Event: 205.897 Thread 0x000000001ee2d000 Exception <a 'sun/nio/fs/WindowsException'> (0x00000000ef1ee8f0) thrown at [C:\re\workspace\8-2-build-windows-amd64-cygwin\jdk8u181\11358\hotspot\src\share\vm\prims\jni.cpp, line 709]
Event: 206.468 Thread 0x000000001ee2d000 Implicit null exception at 0x0000000004437237 to 0x00000000044386b5
Event: 206.472 Thread 0x000000001ee2d000 Implicit null exception at 0x00000000029d7e62 to 0x00000000029d83a1
Event: 208.872 Thread 0x000000001ee2d000 Implicit null exception at 0x000000000406bd76 to 0x000000000406c2fd
Event: 211.411 Thread 0x0000000017938000 Implicit null exception at 0x00000000046316fd to 0x0000000004632239
Event: 211.454 Thread 0x0000000017938000 Implicit null exception at 0x00000000045998b6 to 0x0000000004599969

Events (10 events):
Event: 211.647 Thread 0x000000001ee2d000 Uncommon trap: trap_request=0xffffff65 fr.pc=0x0000000004bf0dbc
Event: 211.647 Thread 0x000000001ee2d000 DEOPT PACKING pc=0x0000000004bf0dbc sp=0x0000000019fb9010
Event: 211.647 Thread 0x000000001ee2d000 DEOPT UNPACKING pc=0x00000000023e583b sp=0x0000000019fb8f80 mode 2
Event: 211.690 Thread 0x000000001ee2d000 Uncommon trap: trap_request=0xffffff86 fr.pc=0x0000000004be3f3c
Event: 211.690 Thread 0x000000001ee2d000 DEOPT PACKING pc=0x0000000004be3f3c sp=0x0000000019fb8da0
Event: 211.690 Thread 0x000000001ee2d000 DEOPT UNPACKING pc=0x00000000023e583b sp=0x0000000019fb8d70 mode 2
Event: 211.792 Thread 0x000000001ee2d000 DEOPT PACKING pc=0x0000000004c00194 sp=0x0000000019fb8640
Event: 211.792 Thread 0x000000001ee2d000 DEOPT UNPACKING pc=0x00000000023e7890 sp=0x0000000019fb8390 mode 0
Event: 211.807 Thread 0x000000001ee2d000 DEOPT PACKING pc=0x0000000004bacadb sp=0x0000000019fb8900
Event: 211.807 Thread 0x000000001ee2d000 DEOPT UNPACKING pc=0x00000000023e7890 sp=0x0000000019fb8658 mode 0


Dynamic libraries:
0x00007ff752e30000 - 0x00007ff752e67000 	C:\Program Files\Java\jdk1.8.0_181\bin\java.exe
0x00007ff8b2780000 - 0x00007ff8b2970000 	C:\WINDOWS\SYSTEM32\ntdll.dll
0x00007ff8b1eb0000 - 0x00007ff8b1f62000 	C:\WINDOWS\System32\KERNEL32.DLL
0x00007ff8afb30000 - 0x00007ff8afdd3000 	C:\WINDOWS\System32\KERNELBASE.dll
0x00007ff8b0830000 - 0x00007ff8b08d3000 	C:\WINDOWS\System32\ADVAPI32.dll
0x00007ff8b1240000 - 0x00007ff8b12de000 	C:\WINDOWS\System32\msvcrt.dll
0x00007ff8b11a0000 - 0x00007ff8b1237000 	C:\WINDOWS\System32\sechost.dll
0x00007ff8b21e0000 - 0x00007ff8b2300000 	C:\WINDOWS\System32\RPCRT4.dll
0x00007ff8b1d00000 - 0x00007ff8b1e93000 	C:\WINDOWS\System32\USER32.dll
0x00007ff8b06b0000 - 0x00007ff8b06d1000 	C:\WINDOWS\System32\win32u.dll
0x00007ff8b2150000 - 0x00007ff8b2176000 	C:\WINDOWS\System32\GDI32.dll
0x00007ff8af770000 - 0x00007ff8af904000 	C:\WINDOWS\System32\gdi32full.dll
0x00007ff8b0790000 - 0x00007ff8b082e000 	C:\WINDOWS\System32\msvcp_win.dll
0x00007ff8afa10000 - 0x00007ff8afb0a000 	C:\WINDOWS\System32\ucrtbase.dll
0x00007ff8a2820000 - 0x00007ff8a2aa5000 	C:\WINDOWS\WinSxS\amd64_microsoft.windows.common-controls_6595b64144ccf1df_6.0.18362.295_none_e6c3acbd13101292\COMCTL32.dll
0x00007ff8b2380000 - 0x00007ff8b26b6000 	C:\WINDOWS\System32\combase.dll
0x00007ff8af990000 - 0x00007ff8afa10000 	C:\WINDOWS\System32\bcryptPrimitives.dll
0x00007ff8b12e0000 - 0x00007ff8b130e000 	C:\WINDOWS\System32\IMM32.DLL
0x000000006bdc0000 - 0x000000006be92000 	C:\Program Files\Java\jdk1.8.0_181\jre\bin\msvcr100.dll
0x000000006b510000 - 0x000000006bdb2000 	C:\Program Files\Java\jdk1.8.0_181\jre\bin\server\jvm.dll
0x00007ff8b1ae0000 - 0x00007ff8b1ae8000 	C:\WINDOWS\System32\PSAPI.DLL
0x00007ff8aaac0000 - 0x00007ff8aaac9000 	C:\WINDOWS\SYSTEM32\WSOCK32.dll
0x00007ff8b1a50000 - 0x00007ff8b1abf000 	C:\WINDOWS\System32\WS2_32.dll
0x00007ff8ad760000 - 0x00007ff8ad784000 	C:\WINDOWS\SYSTEM32\WINMM.dll
0x00007ff8a4b30000 - 0x00007ff8a4b3a000 	C:\WINDOWS\SYSTEM32\VERSION.dll
0x00007ff8ad730000 - 0x00007ff8ad75d000 	C:\WINDOWS\SYSTEM32\WINMMBASE.dll
0x00007ff8af910000 - 0x00007ff8af95a000 	C:\WINDOWS\System32\cfgmgr32.dll
0x000000006b500000 - 0x000000006b50f000 	C:\Program Files\Java\jdk1.8.0_181\jre\bin\verify.dll
0x000000006b4d0000 - 0x000000006b4f9000 	C:\Program Files\Java\jdk1.8.0_181\jre\bin\java.dll
0x000000006b4b0000 - 0x000000006b4c6000 	C:\Program Files\Java\jdk1.8.0_181\jre\bin\zip.dll
0x00007ff8b08e0000 - 0x00007ff8b0fc2000 	C:\WINDOWS\System32\SHELL32.dll
0x00007ff8b1f70000 - 0x00007ff8b2019000 	C:\WINDOWS\System32\shcore.dll
0x00007ff8afde0000 - 0x00007ff8b055c000 	C:\WINDOWS\System32\windows.storage.dll
0x00007ff8af6a0000 - 0x00007ff8af6bf000 	C:\WINDOWS\System32\profapi.dll
0x00007ff8af6c0000 - 0x00007ff8af70a000 	C:\WINDOWS\System32\powrprof.dll
0x00007ff8af650000 - 0x00007ff8af660000 	C:\WINDOWS\System32\UMPDC.dll
0x00007ff8b2180000 - 0x00007ff8b21d2000 	C:\WINDOWS\System32\shlwapi.dll
0x00007ff8af660000 - 0x00007ff8af671000 	C:\WINDOWS\System32\kernel.appcore.dll
0x00007ff8afb10000 - 0x00007ff8afb27000 	C:\WINDOWS\System32\cryptsp.dll
0x000000006b490000 - 0x000000006b4aa000 	C:\Program Files\Java\jdk1.8.0_181\jre\bin\net.dll
0x00007ff8aee60000 - 0x00007ff8aeec7000 	C:\WINDOWS\system32\mswsock.dll
0x000000006b470000 - 0x000000006b481000 	C:\Program Files\Java\jdk1.8.0_181\jre\bin\nio.dll
0x00007ff8a3660000 - 0x00007ff8a3686000 	C:\Users\Huy Bui\.gradle\native\29\windows-amd64\native-platform.dll
0x000000006b460000 - 0x000000006b46d000 	C:\Program Files\Java\jdk1.8.0_181\jre\bin\management.dll
0x00007ff8ae9d0000 - 0x00007ff8aea03000 	C:\WINDOWS\system32\rsaenh.dll
0x00007ff8af960000 - 0x00007ff8af986000 	C:\WINDOWS\System32\bcrypt.dll
0x00007ff8af540000 - 0x00007ff8af565000 	C:\WINDOWS\SYSTEM32\USERENV.dll
0x00007ff8af030000 - 0x00007ff8af03c000 	C:\WINDOWS\SYSTEM32\CRYPTBASE.dll
0x00007ff8aeb70000 - 0x00007ff8aebaa000 	C:\WINDOWS\SYSTEM32\IPHLPAPI.DLL
0x00007ff8b13c0000 - 0x00007ff8b13c8000 	C:\WINDOWS\System32\NSI.dll
0x00007ff8a5540000 - 0x00007ff8a5556000 	C:\WINDOWS\SYSTEM32\dhcpcsvc6.DLL
0x00007ff8a64c0000 - 0x00007ff8a64dc000 	C:\WINDOWS\SYSTEM32\dhcpcsvc.DLL
0x00007ff8aebb0000 - 0x00007ff8aec7a000 	C:\WINDOWS\SYSTEM32\DNSAPI.dll
0x000000006b430000 - 0x000000006b454000 	C:\Program Files\Java\jdk1.8.0_181\jre\bin\sunec.dll
0x00007ff8a31a0000 - 0x00007ff8a31aa000 	C:\Windows\System32\rasadhlp.dll
0x00007ff8a5190000 - 0x00007ff8a5207000 	C:\WINDOWS\System32\fwpuclnt.dll
0x000000006b420000 - 0x000000006b42b000 	C:\Program Files\Java\jdk1.8.0_181\jre\bin\sunmscapi.dll
0x00007ff8b0560000 - 0x00007ff8b06a9000 	C:\WINDOWS\System32\CRYPT32.dll
0x00007ff8af680000 - 0x00007ff8af692000 	C:\WINDOWS\System32\MSASN1.dll

VM Arguments:
jvm_args: -Xmx1536m -Dfile.encoding=windows-1252 -Duser.country=US -Duser.language=en -Duser.variant 
java_command: org.gradle.launcher.daemon.bootstrap.GradleDaemon 5.5
java_class_path (initial): C:\Users\Huy Bui\.gradle\wrapper\dists\gradle-5.5-all\byeise1led9a3w3p149d02kfj\gradle-5.5\lib\gradle-launcher-5.5.jar
Launcher Type: SUN_STANDARD

Environment Variables:
JAVA_HOME=C:\Program Files\Java\jdk1.8.0_181\
PATH=C:\Program Files (x86)\Microsoft\Edge Dev\Application;C:\PROGRAM FILES\DELL\DW WLAN CARD;C:\PROGRAM FILES\MICROSOFT MPI\BIN\;C:\WINDOWS\SYSTEM32;C:\WINDOWS;C:\WINDOWS\SYSTEM32\WBEM;C:\WINDOWS\SYSTEM32\WINDOWSPOWERSHELL\V1.0\;C:\WINDOWS\SYSTEM32\OPENSSH\;C:\PROGRAM FILES\GIT\CMD;C:\WINDOWS\system32;C:\WINDOWS;C:\WINDOWS\System32\Wbem;C:\WINDOWS\System32\WindowsPowerShell\v1.0\;C:\WINDOWS\System32\OpenSSH\;C:\Program Files\dotnet\;C:\Program Files\Java\jdk1.8.0_181\\bin;C:\Users\Huy Bui\AppData\Local\Microsoft\WindowsApps;C:\Users\Huy Bui\.dotnet\tools;C:\Users\Huy Bui\AppData\Local\Programs\Microsoft VS Code\bin;C:\Users\Huy Bui\AppData\Local\Microsoft\WindowsApps;C:\Users\Huy Bui\AppData\Local\Android\Sdk\platform-tools;C:\Program Files\JetBrains\IntelliJ IDEA Community Edition 2019.2\bin
USERNAME=Huy Bui
OS=Windows_NT
PROCESSOR_IDENTIFIER=Intel64 Family 6 Model 61 Stepping 4, GenuineIntel



---------------  S Y S T E M  ---------------

OS: Windows 10.0 , 64 bit Build 18362 (10.0.18362.86)

CPU:total 4 (initial active 4) (2 cores per cpu, 2 threads per core) family 6 model 61 stepping 4, cmov, cx8, fxsr, mmx, sse, sse2, sse3, ssse3, sse4.1, sse4.2, popcnt, avx, avx2, aes, clmul, erms, 3dnowpref, lzcnt, ht, tsc, tscinvbit, bmi1, bmi2, adx

Memory: 4k page, physical 8297876k(1462600k free), swap 31526816k(4316k free)

vm_info: Java HotSpot(TM) 64-Bit Server VM (25.181-b13) for windows-amd64 JRE (1.8.0_181-b13), built on Jul  7 2018 04:01:33 by "java_re" with MS VC++ 10.0 (VS2010)

time: Sun Aug 25 09:35:48 2019
elapsed time: 211 seconds (0d 0h 3m 31s)

